[NORM] pending raw rows = 2
[NORM] processing raw_id=30894 api=getDevRealKpi plant=NE=49752378 devType=10
[NORM] raw_id=30894 parsed_rows=342 deduped_rows=342 catalog_rows=9
[NORM] raw_id=30894 chunk=1 metric_rows=342 catalog_rows=9
[NORM] raw_id=30894 success rows=342
[NORM] processing raw_id=30895 api=getDevRealKpi plant=NE=49738145 devType=17
[NORM] raw_id=30895 parsed_rows=600 deduped_rows=600 catalog_rows=40
[NORM] raw_id=30895 chunk=1 metric_rows=600 catalog_rows=40
[NORM] raw_id=30895 success rows=600
=== INGESTION ===
[APP] Starting job from DB: critical_device_realtime_online
[APP] Loaded 2 enabled targets for job=critical_device_realtime_online
[APP] Grouped into 1 account bucket(s)
[APP] Account=GPSC_EJS (id=4) will run 2 target(s)
[DEBUG] target_id=245 plant=__ACCOUNT__ dev_type=10 endpoint=getDevRealKpi service_class=online_full
[DEBUG] realtime device path -> window bypassed
[DEBUG] enter full device path
[DEBUG] calling getDevRealKpi plant=__ACCOUNT__ dev_type=10 batch_no=1 batch_size=38
[DEBUG] target_id=246 plant=__ACCOUNT__ dev_type=17 endpoint=getDevRealKpi service_class=online_full
[DEBUG] realtime device path -> window bypassed
[DEBUG] enter full device path
[DEBUG] calling getDevRealKpi plant=__ACCOUNT__ dev_type=17 batch_no=1 batch_size=15
=== NORMALIZE (GENERIC DEVICE) ===
=== DONE ===
[RUN] job=critical_device_realtime_online mode=DAY module=scripts.run_pipeline_critical_realtime
[EXEC] C:\SOLAR\solar_ingestion\.venv\Scripts\python.exe -m scripts.run_pipeline_critical_realtime
[CWD]  C:\SOLAR\solar_ingestion
[NORM] pending raw rows = 2
[NORM] processing raw_id=30899 api=getDevRealKpi plant=NE=49752378 devType=10
[NORM] raw_id=30899 parsed_rows=342 deduped_rows=342 catalog_rows=9
[NORM] raw_id=30899 chunk=1 metric_rows=342 catalog_rows=9
[NORM] raw_id=30899 success rows=342
[NORM] processing raw_id=30900 api=getDevRealKpi plant=NE=49738145 devType=17
[NORM] raw_id=30900 parsed_rows=600 deduped_rows=600 catalog_rows=40
[NORM] raw_id=30900 chunk=1 metric_rows=600 catalog_rows=40
[NORM] raw_id=30900 success rows=600
=== INGESTION ===
[APP] Starting job from DB: critical_device_realtime_online
[APP] Loaded 2 enabled targets for job=critical_device_realtime_online
[APP] Grouped into 1 account bucket(s)
[APP] Account=GPSC_EJS (id=4) will run 2 target(s)
[DEBUG] target_id=245 plant=__ACCOUNT__ dev_type=10 endpoint=getDevRealKpi service_class=online_full
[DEBUG] realtime device path -> window bypassed
[DEBUG] enter full device path
[DEBUG] calling getDevRealKpi plant=__ACCOUNT__ dev_type=10 batch_no=1 batch_size=38
[DEBUG] target_id=246 plant=__ACCOUNT__ dev_type=17 endpoint=getDevRealKpi service_class=online_full
[DEBUG] realtime device path -> window bypassed
[DEBUG] enter full device path
[DEBUG] calling getDevRealKpi plant=__ACCOUNT__ dev_type=17 batch_no=1 batch_size=15
=== NORMALIZE (GENERIC DEVICE) ===
=== DONE ===
[RUN] job=critical_device_realtime_online mode=DAY module=scripts.run_pipeline_critical_realtime
[EXEC] C:\SOLAR\solar_ingestion\.venv\Scripts\python.exe -m scripts.run_pipeline_critical_realtime
[CWD]  C:\SOLAR\solar_ingestion
[NORM] pending raw rows = 2
[NORM] processing raw_id=30904 api=getDevRealKpi plant=NE=49752378 devType=10
[NORM] raw_id=30904 parsed_rows=342 deduped_rows=342 catalog_rows=9
[NORM] raw_id=30904 chunk=1 metric_rows=342 catalog_rows=9
[NORM] raw_id=30904 success rows=342
[NORM] processing raw_id=30905 api=getDevRealKpi plant=NE=49738145 devType=17
[NORM] raw_id=30905 parsed_rows=600 deduped_rows=600 catalog_rows=40
[NORM] raw_id=30905 chunk=1 metric_rows=600 catalog_rows=40
[NORM] raw_id=30905 success rows=600
=== INGESTION ===
[APP] Starting job from DB: critical_device_realtime_online
[APP] Loaded 2 enabled targets for job=critical_device_realtime_online
[APP] Grouped into 1 account bucket(s)
[APP] Account=GPSC_EJS (id=4) will run 2 target(s)
[DEBUG] target_id=245 plant=__ACCOUNT__ dev_type=10 endpoint=getDevRealKpi service_class=online_full
[DEBUG] realtime device path -> window bypassed
[DEBUG] enter full device path
[DEBUG] calling getDevRealKpi plant=__ACCOUNT__ dev_type=10 batch_no=1 batch_size=38
[DEBUG] target_id=246 plant=__ACCOUNT__ dev_type=17 endpoint=getDevRealKpi service_class=online_full
[DEBUG] realtime device path -> window bypassed
[DEBUG] enter full device path
[DEBUG] calling getDevRealKpi plant=__ACCOUNT__ dev_type=17 batch_no=1 batch_size=15
=== NORMALIZE (GENERIC DEVICE) ===
=== DONE ===
[RUN] job=critical_device_realtime_online mode=DAY module=scripts.run_pipeline_critical_realtime
[EXEC] C:\SOLAR\solar_ingestion\.venv\Scripts\python.exe -m scripts.run_pipeline_critical_realtime
[CWD]  C:\SOLAR\solar_ingestion
[NORM] pending raw rows = 2
[NORM] processing raw_id=30909 api=getDevRealKpi plant=NE=49752378 devType=10
[NORM] raw_id=30909 parsed_rows=342 deduped_rows=342 catalog_rows=9
[NORM] raw_id=30909 chunk=1 metric_rows=342 catalog_rows=9
[NORM] raw_id=30909 success rows=342
[NORM] processing raw_id=30910 api=getDevRealKpi plant=NE=49738145 devType=17
[NORM] raw_id=30910 parsed_rows=600 deduped_rows=600 catalog_rows=40
[NORM] raw_id=30910 chunk=1 metric_rows=600 catalog_rows=40
[NORM] raw_id=30910 success rows=600
=== INGESTION ===
[APP] Starting job from DB: critical_device_realtime_online
[APP] Loaded 2 enabled targets for job=critical_device_realtime_online
[APP] Grouped into 1 account bucket(s)
[APP] Account=GPSC_EJS (id=4) will run 2 target(s)
[DEBUG] target_id=245 plant=__ACCOUNT__ dev_type=10 endpoint=getDevRealKpi service_class=online_full
[DEBUG] realtime device path -> window bypassed
[DEBUG] enter full device path
[DEBUG] calling getDevRealKpi plant=__ACCOUNT__ dev_type=10 batch_no=1 batch_size=38
[DEBUG] target_id=246 plant=__ACCOUNT__ dev_type=17 endpoint=getDevRealKpi service_class=online_full
[DEBUG] realtime device path -> window bypassed
[DEBUG] enter full device path
[DEBUG] calling getDevRealKpi plant=__ACCOUNT__ dev_type=17 batch_no=1 batch_size=15
=== NORMALIZE (GENERIC DEVICE) ===
=== DONE ===
[RUN] job=critical_device_realtime_online mode=DAY module=scripts.run_pipeline_critical_realtime
[EXEC] C:\SOLAR\solar_ingestion\.venv\Scripts\python.exe -m scripts.run_pipeline_critical_realtime
[CWD]  C:\SOLAR\solar_ingestion
[NORM] pending raw rows = 2
[NORM] processing raw_id=30914 api=getDevRealKpi plant=NE=49752378 devType=10
[NORM] raw_id=30914 parsed_rows=342 deduped_rows=342 catalog_rows=9
[NORM] raw_id=30914 chunk=1 metric_rows=342 catalog_rows=9
[NORM] raw_id=30914 success rows=342
[NORM] processing raw_id=30915 api=getDevRealKpi plant=NE=49738145 devType=17
[NORM] raw_id=30915 parsed_rows=600 deduped_rows=600 catalog_rows=40
[NORM] raw_id=30915 chunk=1 metric_rows=600 catalog_rows=40
[NORM] raw_id=30915 success rows=600
=== INGESTION ===
[APP] Starting job from DB: critical_device_realtime_online
[APP] Loaded 2 enabled targets for job=critical_device_realtime_online
[APP] Grouped into 1 account bucket(s)
[APP] Account=GPSC_EJS (id=4) will run 2 target(s)
[DEBUG] target_id=245 plant=__ACCOUNT__ dev_type=10 endpoint=getDevRealKpi service_class=online_full
[DEBUG] realtime device path -> window bypassed
[DEBUG] enter full device path
[DEBUG] calling getDevRealKpi plant=__ACCOUNT__ dev_type=10 batch_no=1 batch_size=38
[DEBUG] target_id=246 plant=__ACCOUNT__ dev_type=17 endpoint=getDevRealKpi service_class=online_full
[DEBUG] realtime device path -> window bypassed
[DEBUG] enter full device path
[DEBUG] calling getDevRealKpi plant=__ACCOUNT__ dev_type=17 batch_no=1 batch_size=15
=== NORMALIZE (GENERIC DEVICE) ===
=== DONE ===
[RUN] job=critical_device_realtime_online mode=DAY module=scripts.run_pipeline_critical_realtime
[EXEC] C:\SOLAR\solar_ingestion\.venv\Scripts\python.exe -m scripts.run_pipeline_critical_realtime
[CWD]  C:\SOLAR\solar_ingestion
[SKIP] job=critical_device_realtime_online mode=TRANSITION_PM reason=policy_not_allowed
[SKIP] job=critical_device_realtime_online mode=TRANSITION_PM reason=policy_not_allowed
[SKIP] job=critical_device_realtime_online mode=NIGHT reason=policy_not_allowed
[SKIP] job=critical_device_realtime_online mode=NIGHT reason=policy_not_allowed
[SKIP] job=critical_device_realtime_online mode=NIGHT reason=policy_not_allowed
[SKIP] job=critical_device_realtime_online mode=NIGHT reason=policy_not_allowed
[SKIP] job=critical_device_realtime_online mode=NIGHT reason=policy_not_allowed
[SKIP] job=critical_device_realtime_online mode=NIGHT reason=policy_not_allowed
[SKIP] job=critical_device_realtime_online mode=NIGHT reason=policy_not_allowed
[SKIP] job=critical_device_realtime_online mode=NIGHT reason=policy_not_allowed
[SKIP] job=critical_device_realtime_online mode=NIGHT reason=policy_not_allowed
[SKIP] job=critical_device_realtime_online mode=NIGHT reason=policy_not_allowed
[SKIP] job=critical_device_realtime_online mode=NIGHT reason=policy_not_allowed
[SKIP] job=critical_device_realtime_online mode=NIGHT reason=policy_not_allowed
[SKIP] job=critical_device_realtime_online mode=NIGHT reason=policy_not_allowed
