[APP] Starting job from DB: inverter_history_nearline
[APP] Loaded 2 enabled targets for job=inverter_history_nearline
[APP] Grouped into 1 account bucket(s)
[APP] Account=GPSC_PI_01 (id=1) will run 2 target(s)
[APP] Starting job from DB: inverter_history_nearline
[APP] Loaded 2 enabled targets for job=inverter_history_nearline
[APP] Grouped into 1 account bucket(s)
[APP] Account=GPSC_PI_01 (id=1) will run 2 target(s)
[APP] Starting job from DB: inverter_history_nearline
[APP] Loaded 2 enabled targets for job=inverter_history_nearline
[APP] Grouped into 1 account bucket(s)
[APP] Account=GPSC_PI_01 (id=1) will run 2 target(s)
[APP] Starting job from DB: inverter_history_nearline
[APP] Loaded 2 enabled targets for job=inverter_history_nearline
[APP] Grouped into 1 account bucket(s)
[APP] Account=GPSC_PI_01 (id=1) will run 2 target(s)
[APP] Starting job from DB: inverter_history_nearline
[APP] Loaded 2 enabled targets for job=inverter_history_nearline
[APP] Grouped into 1 account bucket(s)
[APP] Account=GPSC_PI_01 (id=1) will run 2 target(s)
[APP] Starting job from DB: inverter_history_nearline
[APP] Loaded 2 enabled targets for job=inverter_history_nearline
[APP] Grouped into 1 account bucket(s)
[APP] Account=GPSC_PI_01 (id=1) will run 2 target(s)
[APP] Starting job from DB: inverter_history_nearline
[APP] Loaded 2 enabled targets for job=inverter_history_nearline
[APP] Grouped into 1 account bucket(s)
[APP] Account=GPSC_PI_01 (id=1) will run 2 target(s)
[APP] Starting job from DB: inverter_history_nearline
[APP] Loaded 2 enabled targets for job=inverter_history_nearline
[APP] Grouped into 1 account bucket(s)
[APP] Account=GPSC_PI_01 (id=1) will run 2 target(s)
[APP] Starting job from DB: inverter_history_nearline
[APP] Loaded 2 enabled targets for job=inverter_history_nearline
[APP] Grouped into 1 account bucket(s)
[APP] Account=GPSC_PI_01 (id=1) will run 2 target(s)
[APP] Starting job from DB: inverter_history_nearline
[APP] Loaded 2 enabled targets for job=inverter_history_nearline
[APP] Grouped into 1 account bucket(s)
[APP] Account=GPSC_PI_01 (id=1) will run 2 target(s)
[APP] Starting job from DB: inverter_history_nearline
[APP] Loaded 2 enabled targets for job=inverter_history_nearline
[APP] Grouped into 1 account bucket(s)
[APP] Account=GPSC_PI_01 (id=1) will run 2 target(s)
[APP] Starting job from DB: inverter_history_nearline
[APP] Loaded 2 enabled targets for job=inverter_history_nearline
[APP] Grouped into 1 account bucket(s)
[APP] Account=GPSC_PI_01 (id=1) will run 2 target(s)
[APP] Starting job from DB: inverter_history_nearline
[APP] Loaded 2 enabled targets for job=inverter_history_nearline
[APP] Grouped into 1 account bucket(s)
[APP] Account=GPSC_PI_01 (id=1) will run 2 target(s)
[APP] Starting job from DB: inverter_history_nearline
[APP] Loaded 2 enabled targets for job=inverter_history_nearline
[APP] Grouped into 1 account bucket(s)
[APP] Account=GPSC_PI_01 (id=1) will run 2 target(s)
[APP] Starting job from DB: inverter_history_nearline
[APP] Loaded 2 enabled targets for job=inverter_history_nearline
[APP] Grouped into 1 account bucket(s)
[APP] Account=GPSC_PI_01 (id=1) will run 2 target(s)
[APP] Starting job from DB: inverter_history_nearline
[APP] Loaded 2 enabled targets for job=inverter_history_nearline
[APP] Grouped into 1 account bucket(s)
[APP] Account=GPSC_PI_01 (id=1) will run 2 target(s)
[APP] Starting job from DB: inverter_history_nearline
[APP] Loaded 2 enabled targets for job=inverter_history_nearline
[APP] Grouped into 1 account bucket(s)
[APP] Account=GPSC_PI_01 (id=1) will run 2 target(s)
[APP] Starting job from DB: inverter_history_nearline
[APP] Loaded 2 enabled targets for job=inverter_history_nearline
[APP] Grouped into 1 account bucket(s)
[APP] Account=GPSC_PI_01 (id=1) will run 2 target(s)
[APP] Starting job from DB: inverter_history_nearline
[APP] Loaded 2 enabled targets for job=inverter_history_nearline
[APP] Grouped into 1 account bucket(s)
[APP] Account=GPSC_PI_01 (id=1) will run 2 target(s)
[APP] Starting job from DB: inverter_history_nearline
[APP] Loaded 2 enabled targets for job=inverter_history_nearline
[APP] Grouped into 1 account bucket(s)
[APP] Account=GPSC_PI_01 (id=1) will run 2 target(s)
[APP] Starting job from DB: inverter_history_nearline
[APP] Loaded 2 enabled targets for job=inverter_history_nearline
[APP] Grouped into 1 account bucket(s)
[APP] Account=GPSC_PI_01 (id=1) will run 2 target(s)
[APP] Starting job from DB: inverter_history_nearline
[APP] Loaded 2 enabled targets for job=inverter_history_nearline
[APP] Grouped into 1 account bucket(s)
[APP] Account=GPSC_PI_01 (id=1) will run 2 target(s)
[APP] Starting job from DB: inverter_history_nearline
[APP] Loaded 2 enabled targets for job=inverter_history_nearline
[APP] Grouped into 1 account bucket(s)
[APP] Account=GPSC_PI_01 (id=1) will run 2 target(s)
[APP] Starting job from DB: inverter_history_nearline
[APP] Loaded 2 enabled targets for job=inverter_history_nearline
[APP] Grouped into 1 account bucket(s)
[APP] Account=GPSC_PI_01 (id=1) will run 2 target(s)
[APP] Starting job from DB: inverter_history_nearline
[APP] Loaded 2 enabled targets for job=inverter_history_nearline
[APP] Grouped into 1 account bucket(s)
[APP] Account=GPSC_PI_01 (id=1) will run 2 target(s)
[APP] Starting job from DB: inverter_history_nearline
[APP] Loaded 2 enabled targets for job=inverter_history_nearline
[APP] Grouped into 1 account bucket(s)
[APP] Account=GPSC_PI_01 (id=1) will run 2 target(s)
[APP] Starting job from DB: inverter_history_nearline
[APP] Loaded 2 enabled targets for job=inverter_history_nearline
[APP] Grouped into 1 account bucket(s)
[APP] Account=GPSC_PI_01 (id=1) will run 2 target(s)
[APP] Starting job from DB: inverter_history_nearline
[APP] Loaded 2 enabled targets for job=inverter_history_nearline
[APP] Grouped into 1 account bucket(s)
[APP] Account=GPSC_PI_01 (id=1) will run 2 target(s)
[APP] Starting job from DB: inverter_history_nearline
[APP] Loaded 2 enabled targets for job=inverter_history_nearline
[APP] Grouped into 1 account bucket(s)
[APP] Account=GPSC_PI_01 (id=1) will run 2 target(s)
[APP] Starting job from DB: inverter_history_nearline
[APP] Loaded 2 enabled targets for job=inverter_history_nearline
[APP] Grouped into 1 account bucket(s)
[APP] Account=GPSC_PI_01 (id=1) will run 2 target(s)
[APP] Starting job from DB: inverter_history_nearline
[APP] Loaded 2 enabled targets for job=inverter_history_nearline
[APP] Grouped into 1 account bucket(s)
[APP] Account=GPSC_PI_01 (id=1) will run 2 target(s)
[APP] Starting job from DB: inverter_history_nearline
[APP] Loaded 2 enabled targets for job=inverter_history_nearline
[APP] Grouped into 1 account bucket(s)
[APP] Account=GPSC_PI_01 (id=1) will run 2 target(s)
[APP] Starting job from DB: inverter_history_nearline
[APP] Loaded 2 enabled targets for job=inverter_history_nearline
[APP] Grouped into 1 account bucket(s)
[APP] Account=GPSC_PI_01 (id=1) will run 2 target(s)
[APP] Starting job from DB: inverter_history_nearline
[APP] Loaded 2 enabled targets for job=inverter_history_nearline
[APP] Grouped into 1 account bucket(s)
[APP] Account=GPSC_PI_01 (id=1) will run 2 target(s)
[APP] Starting job from DB: inverter_history_nearline
[APP] Loaded 2 enabled targets for job=inverter_history_nearline
[APP] Grouped into 1 account bucket(s)
[APP] Account=GPSC_PI_01 (id=1) will run 2 target(s)
[APP] Starting job from DB: inverter_history_nearline
[APP] Loaded 2 enabled targets for job=inverter_history_nearline
[APP] Grouped into 1 account bucket(s)
[APP] Account=GPSC_PI_01 (id=1) will run 2 target(s)
[APP] Starting job from DB: inverter_history_nearline
[APP] Loaded 2 enabled targets for job=inverter_history_nearline
[APP] Grouped into 1 account bucket(s)
[APP] Account=GPSC_PI_01 (id=1) will run 2 target(s)
[APP] Starting job from DB: inverter_history_nearline
[APP] Loaded 2 enabled targets for job=inverter_history_nearline
[APP] Grouped into 1 account bucket(s)
[APP] Account=GPSC_PI_01 (id=1) will run 2 target(s)
[APP] Starting job from DB: inverter_history_nearline
[APP] Loaded 2 enabled targets for job=inverter_history_nearline
[APP] Grouped into 1 account bucket(s)
[APP] Account=GPSC_PI_01 (id=1) will run 2 target(s)
[APP] Starting job from DB: inverter_history_nearline
[APP] Loaded 2 enabled targets for job=inverter_history_nearline
[APP] Grouped into 1 account bucket(s)
[APP] Account=GPSC_PI_01 (id=1) will run 2 target(s)
[APP] Starting job from DB: inverter_history_nearline
[APP] Loaded 2 enabled targets for job=inverter_history_nearline
[APP] Grouped into 1 account bucket(s)
[APP] Account=GPSC_PI_01 (id=1) will run 2 target(s)
[APP] Starting job from DB: inverter_history_nearline
[APP] Loaded 2 enabled targets for job=inverter_history_nearline
[APP] Grouped into 1 account bucket(s)
[APP] Account=GPSC_PI_01 (id=1) will run 2 target(s)
[APP] Starting job from DB: inverter_history_nearline
[APP] Loaded 2 enabled targets for job=inverter_history_nearline
[APP] Grouped into 1 account bucket(s)
[APP] Account=GPSC_PI_01 (id=1) will run 2 target(s)
[APP] Starting job from DB: inverter_history_nearline
[APP] Loaded 2 enabled targets for job=inverter_history_nearline
[APP] Grouped into 1 account bucket(s)
[APP] Account=GPSC_PI_01 (id=1) will run 2 target(s)
[APP] Starting job from DB: inverter_history_nearline
[APP] Loaded 2 enabled targets for job=inverter_history_nearline
[APP] Grouped into 1 account bucket(s)
[APP] Account=GPSC_PI_01 (id=1) will run 2 target(s)
[APP] Starting job from DB: inverter_history_nearline
[APP] Loaded 2 enabled targets for job=inverter_history_nearline
[APP] Grouped into 1 account bucket(s)
[APP] Account=GPSC_PI_01 (id=1) will run 2 target(s)
[APP] Starting job from DB: inverter_history_nearline
[APP] Loaded 2 enabled targets for job=inverter_history_nearline
[APP] Grouped into 1 account bucket(s)
[APP] Account=GPSC_PI_01 (id=1) will run 2 target(s)
[APP] Starting job from DB: inverter_history_nearline
[APP] Loaded 2 enabled targets for job=inverter_history_nearline
[APP] Grouped into 1 account bucket(s)
[APP] Account=GPSC_PI_01 (id=1) will run 2 target(s)
[APP] Starting job from DB: inverter_history_nearline
[APP] Loaded 2 enabled targets for job=inverter_history_nearline
[APP] Grouped into 1 account bucket(s)
[APP] Account=GPSC_PI_01 (id=1) will run 2 target(s)
[APP] Starting job from DB: inverter_history_nearline
[APP] Loaded 2 enabled targets for job=inverter_history_nearline
[APP] Grouped into 1 account bucket(s)
[APP] Account=GPSC_PI_01 (id=1) will run 2 target(s)
[APP] Starting job from DB: inverter_history_nearline
[APP] Loaded 2 enabled targets for job=inverter_history_nearline
[APP] Grouped into 1 account bucket(s)
[APP] Account=GPSC_PI_01 (id=1) will run 2 target(s)
[APP] Starting job from DB: inverter_history_nearline
[APP] Loaded 2 enabled targets for job=inverter_history_nearline
[APP] Grouped into 1 account bucket(s)
[APP] Account=GPSC_PI_01 (id=1) will run 2 target(s)
[APP] Starting job from DB: inverter_history_nearline
[APP] Loaded 2 enabled targets for job=inverter_history_nearline
[APP] Grouped into 1 account bucket(s)
[APP] Account=GPSC_PI_01 (id=1) will run 2 target(s)
[APP] Starting job from DB: inverter_history_nearline
[APP] Loaded 2 enabled targets for job=inverter_history_nearline
[APP] Grouped into 1 account bucket(s)
[APP] Account=GPSC_PI_01 (id=1) will run 2 target(s)
[APP] Starting job from DB: inverter_history_nearline
[APP] Loaded 2 enabled targets for job=inverter_history_nearline
[APP] Grouped into 1 account bucket(s)
[APP] Account=GPSC_PI_01 (id=1) will run 2 target(s)
[APP] Starting job from DB: inverter_history_nearline
[APP] Loaded 2 enabled targets for job=inverter_history_nearline
[APP] Grouped into 1 account bucket(s)
[APP] Account=GPSC_PI_01 (id=1) will run 2 target(s)
[APP] Starting job from DB: inverter_history_nearline
[APP] Loaded 2 enabled targets for job=inverter_history_nearline
[APP] Grouped into 1 account bucket(s)
[APP] Account=GPSC_PI_01 (id=1) will run 2 target(s)
[APP] Starting job from DB: inverter_history_nearline
[APP] Loaded 2 enabled targets for job=inverter_history_nearline
[APP] Grouped into 1 account bucket(s)
[APP] Account=GPSC_PI_01 (id=1) will run 2 target(s)
[APP] Starting job from DB: inverter_history_nearline
[APP] Loaded 2 enabled targets for job=inverter_history_nearline
[APP] Grouped into 1 account bucket(s)
[APP] Account=GPSC_PI_01 (id=1) will run 2 target(s)
[APP] Starting job from DB: inverter_history_nearline
[APP] Loaded 2 enabled targets for job=inverter_history_nearline
[APP] Grouped into 1 account bucket(s)
[APP] Account=GPSC_PI_01 (id=1) will run 2 target(s)
[APP] Starting job from DB: inverter_history_nearline
[APP] Loaded 2 enabled targets for job=inverter_history_nearline
[APP] Grouped into 1 account bucket(s)
[APP] Account=GPSC_PI_01 (id=1) will run 2 target(s)
[APP] Starting job from DB: inverter_history_nearline
[APP] Loaded 2 enabled targets for job=inverter_history_nearline
[APP] Grouped into 1 account bucket(s)
[APP] Account=GPSC_PI_01 (id=1) will run 2 target(s)
[APP] Starting job from DB: inverter_history_nearline
[APP] Loaded 2 enabled targets for job=inverter_history_nearline
[APP] Grouped into 1 account bucket(s)
[APP] Account=GPSC_PI_01 (id=1) will run 2 target(s)
[APP] Starting job from DB: inverter_history_nearline
[APP] Loaded 2 enabled targets for job=inverter_history_nearline
[APP] Grouped into 1 account bucket(s)
[APP] Account=GPSC_PI_01 (id=1) will run 2 target(s)
[APP] Starting job from DB: inverter_history_nearline
[APP] Loaded 2 enabled targets for job=inverter_history_nearline
[APP] Grouped into 1 account bucket(s)
[APP] Account=GPSC_PI_01 (id=1) will run 2 target(s)
[APP] Starting job from DB: inverter_history_nearline
[APP] Loaded 2 enabled targets for job=inverter_history_nearline
[APP] Grouped into 1 account bucket(s)
[APP] Account=GPSC_PI_01 (id=1) will run 2 target(s)
[APP] Starting job from DB: inverter_history_nearline
[APP] Loaded 2 enabled targets for job=inverter_history_nearline
[APP] Grouped into 1 account bucket(s)
[APP] Account=GPSC_PI_01 (id=1) will run 2 target(s)
[APP] Starting job from DB: inverter_history_nearline
[APP] Loaded 2 enabled targets for job=inverter_history_nearline
[APP] Grouped into 1 account bucket(s)
[APP] Account=GPSC_PI_01 (id=1) will run 2 target(s)
[APP] Starting job from DB: inverter_history_nearline
[APP] Loaded 2 enabled targets for job=inverter_history_nearline
[APP] Grouped into 1 account bucket(s)
[APP] Account=GPSC_PI_01 (id=1) will run 2 target(s)
[APP] Starting job from DB: inverter_history_nearline
[APP] Loaded 2 enabled targets for job=inverter_history_nearline
[APP] Grouped into 1 account bucket(s)
[APP] Account=GPSC_PI_01 (id=1) will run 2 target(s)
[APP] Starting job from DB: inverter_history_nearline
[APP] Loaded 2 enabled targets for job=inverter_history_nearline
[APP] Grouped into 1 account bucket(s)
[APP] Account=GPSC_PI_01 (id=1) will run 2 target(s)
[APP] Starting job from DB: inverter_history_nearline
[APP] Loaded 2 enabled targets for job=inverter_history_nearline
[APP] Grouped into 1 account bucket(s)
[APP] Account=GPSC_PI_01 (id=1) will run 2 target(s)
[APP] Starting job from DB: inverter_history_nearline
[APP] Loaded 2 enabled targets for job=inverter_history_nearline
[APP] Grouped into 1 account bucket(s)
[APP] Account=GPSC_PI_01 (id=1) will run 2 target(s)
[APP] Starting job from DB: inverter_history_nearline
[APP] Loaded 2 enabled targets for job=inverter_history_nearline
[APP] Grouped into 1 account bucket(s)
[APP] Account=GPSC_PI_01 (id=1) will run 2 target(s)
[APP] Starting job from DB: inverter_history_nearline
[APP] Loaded 2 enabled targets for job=inverter_history_nearline
[APP] Grouped into 1 account bucket(s)
[APP] Account=GPSC_PI_01 (id=1) will run 2 target(s)
[APP] Starting job from DB: inverter_history_nearline
[APP] Loaded 2 enabled targets for job=inverter_history_nearline
[APP] Grouped into 1 account bucket(s)
[APP] Account=GPSC_PI_01 (id=1) will run 2 target(s)
[APP] Starting job from DB: inverter_history_nearline
[APP] Loaded 2 enabled targets for job=inverter_history_nearline
[APP] Grouped into 1 account bucket(s)
[APP] Account=GPSC_PI_01 (id=1) will run 2 target(s)
[APP] Starting job from DB: inverter_history_nearline
[APP] Loaded 2 enabled targets for job=inverter_history_nearline
[APP] Grouped into 1 account bucket(s)
[APP] Account=GPSC_PI_01 (id=1) will run 2 target(s)
[APP] Starting job from DB: inverter_history_nearline
[APP] Loaded 2 enabled targets for job=inverter_history_nearline
[APP] Grouped into 1 account bucket(s)
[APP] Account=GPSC_PI_01 (id=1) will run 2 target(s)
[APP] Starting job from DB: inverter_history_nearline
[APP] Loaded 2 enabled targets for job=inverter_history_nearline
[APP] Grouped into 1 account bucket(s)
[APP] Account=GPSC_PI_01 (id=1) will run 2 target(s)
[APP] Starting job from DB: inverter_history_nearline
[APP] Loaded 2 enabled targets for job=inverter_history_nearline
[APP] Grouped into 1 account bucket(s)
[APP] Account=GPSC_PI_01 (id=1) will run 2 target(s)
[APP] Starting job from DB: inverter_history_nearline
[APP] Loaded 2 enabled targets for job=inverter_history_nearline
[APP] Grouped into 1 account bucket(s)
[APP] Account=GPSC_PI_01 (id=1) will run 2 target(s)
[APP] Starting job from DB: inverter_history_nearline
[APP] Loaded 2 enabled targets for job=inverter_history_nearline
[APP] Grouped into 1 account bucket(s)
[APP] Account=GPSC_PI_01 (id=1) will run 2 target(s)
[APP] Starting job from DB: inverter_history_nearline
[APP] Loaded 2 enabled targets for job=inverter_history_nearline
[APP] Grouped into 1 account bucket(s)
[APP] Account=GPSC_PI_01 (id=1) will run 2 target(s)
[APP] Starting job from DB: inverter_history_nearline
[APP] Loaded 2 enabled targets for job=inverter_history_nearline
[APP] Grouped into 1 account bucket(s)
[APP] Account=GPSC_PI_01 (id=1) will run 2 target(s)
[APP] Starting job from DB: inverter_history_nearline
[APP] Loaded 2 enabled targets for job=inverter_history_nearline
[APP] Grouped into 1 account bucket(s)
[APP] Account=GPSC_PI_01 (id=1) will run 2 target(s)
[APP] Starting job from DB: inverter_history_nearline
[APP] Loaded 2 enabled targets for job=inverter_history_nearline
[APP] Grouped into 1 account bucket(s)
[APP] Account=GPSC_PI_01 (id=1) will run 2 target(s)
[APP] Starting job from DB: inverter_history_nearline
[APP] Loaded 2 enabled targets for job=inverter_history_nearline
[APP] Grouped into 1 account bucket(s)
[APP] Account=GPSC_PI_01 (id=1) will run 2 target(s)
[APP] Starting job from DB: inverter_history_nearline
[APP] Loaded 2 enabled targets for job=inverter_history_nearline
[APP] Grouped into 1 account bucket(s)
[APP] Account=GPSC_PI_01 (id=1) will run 2 target(s)
[APP] Starting job from DB: inverter_history_nearline
[APP] Loaded 2 enabled targets for job=inverter_history_nearline
[APP] Grouped into 1 account bucket(s)
[APP] Account=GPSC_PI_01 (id=1) will run 2 target(s)
[APP] Starting job from DB: inverter_history_nearline
[APP] Loaded 2 enabled targets for job=inverter_history_nearline
[APP] Grouped into 1 account bucket(s)
[APP] Account=GPSC_PI_01 (id=1) will run 2 target(s)
[APP] Starting job from DB: inverter_history_nearline
[APP] Loaded 2 enabled targets for job=inverter_history_nearline
[APP] Grouped into 1 account bucket(s)
[APP] Account=GPSC_PI_01 (id=1) will run 2 target(s)
[APP] Starting job from DB: inverter_history_nearline
[APP] Loaded 2 enabled targets for job=inverter_history_nearline
[APP] Grouped into 1 account bucket(s)
[APP] Account=GPSC_PI_01 (id=1) will run 2 target(s)
[APP] Starting job from DB: inverter_history_nearline
[APP] Loaded 2 enabled targets for job=inverter_history_nearline
[APP] Grouped into 1 account bucket(s)
[APP] Account=GPSC_PI_01 (id=1) will run 2 target(s)
[APP] Starting job from DB: inverter_history_nearline
[APP] Loaded 2 enabled targets for job=inverter_history_nearline
[APP] Grouped into 1 account bucket(s)
[APP] Account=GPSC_PI_01 (id=1) will run 2 target(s)
[APP] Starting job from DB: inverter_history_nearline
[APP] Loaded 2 enabled targets for job=inverter_history_nearline
[APP] Grouped into 1 account bucket(s)
[APP] Account=GPSC_PI_01 (id=1) will run 2 target(s)
[APP] Starting job from DB: inverter_history_nearline
[APP] Loaded 2 enabled targets for job=inverter_history_nearline
[APP] Grouped into 1 account bucket(s)
[APP] Account=GPSC_PI_01 (id=1) will run 2 target(s)
[APP] Starting job from DB: inverter_history_nearline
[APP] Loaded 2 enabled targets for job=inverter_history_nearline
[APP] Grouped into 1 account bucket(s)
[APP] Account=GPSC_PI_01 (id=1) will run 2 target(s)
[APP] Starting job from DB: inverter_history_nearline
[APP] Loaded 2 enabled targets for job=inverter_history_nearline
[APP] Grouped into 1 account bucket(s)
[APP] Account=GPSC_PI_01 (id=1) will run 2 target(s)
[APP] Starting job from DB: inverter_history_nearline
[APP] Loaded 2 enabled targets for job=inverter_history_nearline
[APP] Grouped into 1 account bucket(s)
[APP] Account=GPSC_PI_01 (id=1) will run 2 target(s)
[APP] Starting job from DB: inverter_history_nearline
[APP] Loaded 2 enabled targets for job=inverter_history_nearline
[APP] Grouped into 1 account bucket(s)
[APP] Account=GPSC_PI_01 (id=1) will run 2 target(s)
[APP] Starting job from DB: inverter_history_nearline
[APP] Loaded 2 enabled targets for job=inverter_history_nearline
[APP] Grouped into 1 account bucket(s)
[APP] Account=GPSC_PI_01 (id=1) will run 2 target(s)
[APP] Starting job from DB: inverter_history_nearline
[APP] Loaded 2 enabled targets for job=inverter_history_nearline
[APP] Grouped into 1 account bucket(s)
[APP] Account=GPSC_PI_01 (id=1) will run 2 target(s)
[APP] Starting job from DB: inverter_history_nearline
[APP] Loaded 2 enabled targets for job=inverter_history_nearline
[APP] Grouped into 1 account bucket(s)
[APP] Account=GPSC_PI_01 (id=1) will run 2 target(s)
[APP] Starting job from DB: inverter_history_nearline
[APP] Loaded 2 enabled targets for job=inverter_history_nearline
[APP] Grouped into 1 account bucket(s)
[APP] Account=GPSC_PI_01 (id=1) will run 2 target(s)
[APP] Starting job from DB: inverter_history_nearline
[APP] Loaded 2 enabled targets for job=inverter_history_nearline
[APP] Grouped into 1 account bucket(s)
[APP] Account=GPSC_PI_01 (id=1) will run 2 target(s)
[APP] Starting job from DB: inverter_history_nearline
[APP] Loaded 2 enabled targets for job=inverter_history_nearline
[APP] Grouped into 1 account bucket(s)
[APP] Account=GPSC_PI_01 (id=1) will run 2 target(s)
[APP] Starting job from DB: inverter_history_nearline
[APP] Loaded 2 enabled targets for job=inverter_history_nearline
[APP] Grouped into 1 account bucket(s)
[APP] Account=GPSC_PI_01 (id=1) will run 2 target(s)
[APP] Starting job from DB: inverter_history_nearline
[APP] Loaded 2 enabled targets for job=inverter_history_nearline
[APP] Grouped into 1 account bucket(s)
[APP] Account=GPSC_PI_01 (id=1) will run 2 target(s)
[APP] Starting job from DB: inverter_history_nearline
[APP] Loaded 2 enabled targets for job=inverter_history_nearline
[APP] Grouped into 1 account bucket(s)
[APP] Account=GPSC_PI_01 (id=1) will run 2 target(s)
[APP] Starting job from DB: inverter_history_nearline
[APP] Loaded 2 enabled targets for job=inverter_history_nearline
[APP] Grouped into 1 account bucket(s)
[APP] Account=GPSC_PI_01 (id=1) will run 2 target(s)
[APP] Starting job from DB: inverter_history_nearline
[APP] Loaded 2 enabled targets for job=inverter_history_nearline
[APP] Grouped into 1 account bucket(s)
[APP] Account=GPSC_PI_01 (id=1) will run 2 target(s)
[APP] Starting job from DB: inverter_history_nearline
[APP] Loaded 2 enabled targets for job=inverter_history_nearline
[APP] Grouped into 1 account bucket(s)
[APP] Account=GPSC_PI_01 (id=1) will run 2 target(s)
[APP] Starting job from DB: inverter_history_nearline
[APP] Loaded 2 enabled targets for job=inverter_history_nearline
[APP] Grouped into 1 account bucket(s)
[APP] Account=GPSC_PI_01 (id=1) will run 2 target(s)
[APP] Starting job from DB: inverter_history_nearline
[APP] Loaded 2 enabled targets for job=inverter_history_nearline
[APP] Grouped into 1 account bucket(s)
[APP] Account=GPSC_PI_01 (id=1) will run 2 target(s)
[APP] Starting job from DB: inverter_history_nearline
[APP] Loaded 2 enabled targets for job=inverter_history_nearline
[APP] Grouped into 1 account bucket(s)
[APP] Account=GPSC_PI_01 (id=1) will run 2 target(s)
[APP] Starting job from DB: inverter_history_nearline
[APP] Loaded 2 enabled targets for job=inverter_history_nearline
[APP] Grouped into 1 account bucket(s)
[APP] Account=GPSC_PI_01 (id=1) will run 2 target(s)
[APP] Starting job from DB: inverter_history_nearline
[APP] Loaded 2 enabled targets for job=inverter_history_nearline
[APP] Grouped into 1 account bucket(s)
[APP] Account=GPSC_PI_01 (id=1) will run 2 target(s)
[APP] Starting job from DB: inverter_history_nearline
[APP] Loaded 2 enabled targets for job=inverter_history_nearline
[APP] Grouped into 1 account bucket(s)
[APP] Account=GPSC_PI_01 (id=1) will run 2 target(s)
[APP] Starting job from DB: inverter_history_nearline
[APP] Loaded 2 enabled targets for job=inverter_history_nearline
[APP] Grouped into 1 account bucket(s)
[APP] Account=GPSC_PI_01 (id=1) will run 2 target(s)
[APP] Starting job from DB: inverter_history_nearline
[APP] Loaded 2 enabled targets for job=inverter_history_nearline
[APP] Grouped into 1 account bucket(s)
[APP] Account=GPSC_PI_01 (id=1) will run 2 target(s)
[APP] Starting job from DB: inverter_history_nearline
[APP] Loaded 2 enabled targets for job=inverter_history_nearline
[APP] Grouped into 1 account bucket(s)
[APP] Account=GPSC_PI_01 (id=1) will run 2 target(s)
[APP] Starting job from DB: inverter_history_nearline
[APP] Loaded 2 enabled targets for job=inverter_history_nearline
[APP] Grouped into 1 account bucket(s)
[APP] Account=GPSC_PI_01 (id=1) will run 2 target(s)
[APP] Starting job from DB: inverter_history_nearline
[APP] Loaded 2 enabled targets for job=inverter_history_nearline
[APP] Grouped into 1 account bucket(s)
[APP] Account=GPSC_PI_01 (id=1) will run 2 target(s)
[APP] Starting job from DB: inverter_history_nearline
[APP] Loaded 2 enabled targets for job=inverter_history_nearline
[APP] Grouped into 1 account bucket(s)
[APP] Account=GPSC_PI_01 (id=1) will run 2 target(s)
[APP] Starting job from DB: inverter_history_nearline
[APP] Loaded 2 enabled targets for job=inverter_history_nearline
[APP] Grouped into 1 account bucket(s)
[APP] Account=GPSC_PI_01 (id=1) will run 2 target(s)
[APP] Starting job from DB: inverter_history_nearline
[APP] Loaded 2 enabled targets for job=inverter_history_nearline
[APP] Grouped into 1 account bucket(s)
[APP] Account=GPSC_PI_01 (id=1) will run 2 target(s)
[APP] Starting job from DB: inverter_history_nearline
[APP] Loaded 2 enabled targets for job=inverter_history_nearline
[APP] Grouped into 1 account bucket(s)
[APP] Account=GPSC_PI_01 (id=1) will run 2 target(s)
[APP] Starting job from DB: inverter_history_nearline
[APP] Loaded 2 enabled targets for job=inverter_history_nearline
[APP] Grouped into 1 account bucket(s)
[APP] Account=GPSC_PI_01 (id=1) will run 2 target(s)
[APP] Starting job from DB: inverter_history_nearline
[APP] Loaded 2 enabled targets for job=inverter_history_nearline
[APP] Grouped into 1 account bucket(s)
[APP] Account=GPSC_PI_01 (id=1) will run 2 target(s)
[APP] Starting job from DB: inverter_history_nearline
[APP] Loaded 2 enabled targets for job=inverter_history_nearline
[APP] Grouped into 1 account bucket(s)
[APP] Account=GPSC_PI_01 (id=1) will run 2 target(s)
Traceback (most recent call last):
  File "C:\SOLAR\solar_ingestion\src\orchestrator\job_runner.py", line 54, in run_targets
    self._run_target(run_id, job, target)
  File "C:\SOLAR\solar_ingestion\src\orchestrator\job_runner.py", line 114, in _run_target
    self._run_rotating_device_target(run_id, target, endpoint_name, devices, window)
  File "C:\SOLAR\solar_ingestion\src\orchestrator\job_runner.py", line 331, in _run_rotating_device_target
    self.batch_audit_repo.log_batch(
  File "C:\SOLAR\solar_ingestion\src\db\repositories\batch_audit_repo.py", line 63, in log_batch
    cursor.execute("""
pyodbc.OperationalError: ('08S01', '[08S01] [Microsoft][ODBC Driver 18 for SQL Server]TCP Provider: An existing connection was forcibly closed by the remote host.\r\n (10054) (SQLExecDirectW); [08S01] [Microsoft][ODBC Driver 18 for SQL Server]Communication link failure (10054)')

During handling of the above exception, another exception occurred:

Traceback (most recent call last):
  File "<frozen runpy>", line 198, in _run_module_as_main
  File "<frozen runpy>", line 88, in _run_code
  File "C:\SOLAR\solar_ingestion\scripts\test_run_nearline_job.py", line 12, in <module>
    main()
  File "C:\SOLAR\solar_ingestion\scripts\test_run_nearline_job.py", line 8, in main
    app.run_job("inverter_history_nearline")
  File "C:\SOLAR\solar_ingestion\src\main.py", line 61, in run_job
    self._run_targets_grouped_by_account(job=job, targets=targets)
  File "C:\SOLAR\solar_ingestion\src\main.py", line 169, in _run_targets_grouped_by_account
    runner.run_targets(job=job, targets=account_targets)
  File "C:\SOLAR\solar_ingestion\src\orchestrator\job_runner.py", line 57, in run_targets
    self.batch_audit_repo.log_batch(
  File "C:\SOLAR\solar_ingestion\src\db\repositories\batch_audit_repo.py", line 63, in log_batch
    cursor.execute("""
pyodbc.OperationalError: ('08S01', '[08S01] [Microsoft][ODBC Driver 18 for SQL Server]Communication link failure (0) (SQLExecDirectW)')
[APP] Starting job from DB: inverter_history_nearline
[APP] Loaded 2 enabled targets for job=inverter_history_nearline
[APP] Grouped into 1 account bucket(s)
[APP] Account=GPSC_PI_01 (id=1) will run 2 target(s)
Traceback (most recent call last):
  File "<frozen runpy>", line 198, in _run_module_as_main
  File "<frozen runpy>", line 88, in _run_code
  File "C:\SOLAR\solar_ingestion\scripts\test_run_nearline_job.py", line 12, in <module>
    main()
  File "C:\SOLAR\solar_ingestion\scripts\test_run_nearline_job.py", line 7, in main
    app = build_app()
          ^^^^^^^^^^^
  File "C:\SOLAR\solar_ingestion\src\main.py", line 187, in build_app
    return Application(app_config)
           ^^^^^^^^^^^^^^^^^^^^^^^
  File "C:\SOLAR\solar_ingestion\src\main.py", line 40, in __init__
    self.checkpoint_service = CheckpointService(self.checkpoint_repo)
                                                ^^^^^^^^^^^^^^^^^^^^
AttributeError: 'Application' object has no attribute 'checkpoint_repo'
Traceback (most recent call last):
  File "<frozen runpy>", line 198, in _run_module_as_main
  File "<frozen runpy>", line 88, in _run_code
  File "C:\SOLAR\solar_ingestion\scripts\test_run_nearline_job.py", line 12, in <module>
    main()
  File "C:\SOLAR\solar_ingestion\scripts\test_run_nearline_job.py", line 7, in main
    app = build_app()
          ^^^^^^^^^^^
  File "C:\SOLAR\solar_ingestion\src\main.py", line 187, in build_app
    return Application(app_config)
           ^^^^^^^^^^^^^^^^^^^^^^^
  File "C:\SOLAR\solar_ingestion\src\main.py", line 40, in __init__
    self.checkpoint_service = CheckpointService(self.checkpoint_repo)
                                                ^^^^^^^^^^^^^^^^^^^^
AttributeError: 'Application' object has no attribute 'checkpoint_repo'
Traceback (most recent call last):
  File "<frozen runpy>", line 198, in _run_module_as_main
  File "<frozen runpy>", line 88, in _run_code
  File "C:\SOLAR\solar_ingestion\scripts\test_run_nearline_job.py", line 12, in <module>
    main()
  File "C:\SOLAR\solar_ingestion\scripts\test_run_nearline_job.py", line 7, in main
    app = build_app()
          ^^^^^^^^^^^
  File "C:\SOLAR\solar_ingestion\src\main.py", line 187, in build_app
    return Application(app_config)
           ^^^^^^^^^^^^^^^^^^^^^^^
  File "C:\SOLAR\solar_ingestion\src\main.py", line 40, in __init__
    self.checkpoint_service = CheckpointService(self.checkpoint_repo)
                                                ^^^^^^^^^^^^^^^^^^^^
AttributeError: 'Application' object has no attribute 'checkpoint_repo'
Traceback (most recent call last):
  File "<frozen runpy>", line 198, in _run_module_as_main
  File "<frozen runpy>", line 88, in _run_code
  File "C:\SOLAR\solar_ingestion\scripts\test_run_nearline_job.py", line 12, in <module>
    main()
  File "C:\SOLAR\solar_ingestion\scripts\test_run_nearline_job.py", line 8, in main
    app.run_job("inverter_history_nearline")
  File "C:\SOLAR\solar_ingestion\src\main.py", line 68, in run_job
    self._run_targets_grouped_by_account(job=job, targets=targets)
  File "C:\SOLAR\solar_ingestion\src\main.py", line 153, in _run_targets_grouped_by_account
    runner = JobRunner(
             ^^^^^^^^^^
TypeError: JobRunner.__init__() missing 1 required positional argument: 'api_log_service'
[APP] Starting job from DB: inverter_history_nearline
[APP] Loaded 2 enabled targets for job=inverter_history_nearline
[APP] Grouped into 1 account bucket(s)
[APP] Account=GPSC_PI_01 (id=1) will run 2 target(s)
[APP] Starting job from DB: inverter_history_nearline
[APP] Loaded 2 enabled targets for job=inverter_history_nearline
[APP] Grouped into 1 account bucket(s)
[APP] Account=GPSC_PI_01 (id=1) will run 2 target(s)
[APP] Starting job from DB: inverter_history_nearline
[APP] Loaded 2 enabled targets for job=inverter_history_nearline
[APP] Grouped into 1 account bucket(s)
[APP] Account=GPSC_PI_01 (id=1) will run 2 target(s)
[APP] Starting job from DB: inverter_history_nearline
[APP] Loaded 2 enabled targets for job=inverter_history_nearline
[APP] Grouped into 1 account bucket(s)
[APP] Account=GPSC_PI_01 (id=1) will run 2 target(s)
[APP] Starting job from DB: inverter_history_nearline
[APP] Loaded 2 enabled targets for job=inverter_history_nearline
[APP] Grouped into 1 account bucket(s)
[APP] Account=GPSC_PI_01 (id=1) will run 2 target(s)
[APP] Starting job from DB: inverter_history_nearline
[APP] Loaded 2 enabled targets for job=inverter_history_nearline
[APP] Grouped into 1 account bucket(s)
[APP] Account=GPSC_PI_01 (id=1) will run 2 target(s)
[APP] Starting job from DB: inverter_history_nearline
[APP] Loaded 2 enabled targets for job=inverter_history_nearline
[APP] Grouped into 1 account bucket(s)
[APP] Account=GPSC_PI_01 (id=1) will run 2 target(s)
[APP] Starting job from DB: inverter_history_nearline
[APP] Loaded 2 enabled targets for job=inverter_history_nearline
[APP] Grouped into 1 account bucket(s)
[APP] Account=GPSC_PI_01 (id=1) will run 2 target(s)
[APP] Starting job from DB: inverter_history_nearline
[APP] Loaded 2 enabled targets for job=inverter_history_nearline
[APP] Grouped into 1 account bucket(s)
[APP] Account=GPSC_PI_01 (id=1) will run 2 target(s)
[APP] Starting job from DB: inverter_history_nearline
[APP] Loaded 2 enabled targets for job=inverter_history_nearline
[APP] Grouped into 1 account bucket(s)
[APP] Account=GPSC_PI_01 (id=1) will run 2 target(s)
[APP] Starting job from DB: inverter_history_nearline
[APP] Loaded 2 enabled targets for job=inverter_history_nearline
[APP] Grouped into 1 account bucket(s)
[APP] Account=GPSC_PI_01 (id=1) will run 2 target(s)
