[APP] Starting job from DB: dev_history_online
[APP] Loaded 8 enabled targets for job=dev_history_online
[APP] Grouped into 2 account bucket(s)
[APP] Account=GPSC_PI_01 (id=1) will run 4 target(s)
[RUN] Started run_id=462 for job=dev_history_online at 2026-03-25 00:56:14
[TARGET] plant=NE=50281829 devType=1 account_id=1 batch_size=10
[WINDOW] plant=NE=50281829 devType=1 2026-03-01 09:30:00 -> 2026-03-01 10:30:00
[TARGET] plant=NE=50281829 devType=1 devices=7 batches=1
[BATCH] plant=NE=50281829 devType=1 batch=1/1 devices_in_batch=7 window_start=2026-03-01 09:30:00 window_end=2026-03-01 10:30:00
[BATCH][DONE] plant=NE=50281829 devType=1 batch=1 raw_id=729 api_success=True records=39 saved_to=2026-03-25
[BATCH] generic_metrics disabled -> raw-only path
[BATCH] sleeping 15 sec
[TARGET][SUCCESS] plant=NE=50281829 devType=1 up_to=2026-03-01 10:30:00
[TARGET] plant=NE=50281829 devType=10 account_id=1 batch_size=20
[WINDOW] plant=NE=50281829 devType=10 2026-03-01 08:40:00 -> 2026-03-01 09:40:00
[TARGET] plant=NE=50281829 devType=10 devices=2 batches=1
[BATCH] plant=NE=50281829 devType=10 batch=1/1 devices_in_batch=2 window_start=2026-03-01 08:40:00 window_end=2026-03-01 09:40:00
[BATCH][DONE] plant=NE=50281829 devType=10 batch=1 raw_id=730 api_success=True records=13 saved_to=2026-03-25
[BATCH] generic_metrics disabled -> raw-only path
[BATCH] sleeping 15 sec
[TARGET][SUCCESS] plant=NE=50281829 devType=10 up_to=2026-03-01 09:40:00
[TARGET] plant=NE=50281829 devType=17 account_id=1 batch_size=5
[WINDOW] plant=NE=50281829 devType=17 2026-03-01 07:50:00 -> 2026-03-01 08:50:00
[TARGET] plant=NE=50281829 devType=17 devices=1 batches=1
[BATCH] plant=NE=50281829 devType=17 batch=1/1 devices_in_batch=1 window_start=2026-03-01 07:50:00 window_end=2026-03-01 08:50:00
[BATCH][DONE] plant=NE=50281829 devType=17 batch=1 raw_id=731 api_success=True records=13 saved_to=2026-03-25
[BATCH] generic_metrics disabled -> raw-only path
[BATCH] sleeping 15 sec
[TARGET][SUCCESS] plant=NE=50281829 devType=17 up_to=2026-03-01 08:50:00
[TARGET] plant=NE=50281829 devType=63 account_id=1 batch_size=5
[WINDOW] plant=NE=50281829 devType=63 2026-03-01 07:50:00 -> 2026-03-01 08:50:00
[TARGET] plant=NE=50281829 devType=63 devices=1 batches=1
[BATCH] plant=NE=50281829 devType=63 batch=1/1 devices_in_batch=1 window_start=2026-03-01 07:50:00 window_end=2026-03-01 08:50:00
[BATCH][DONE] plant=NE=50281829 devType=63 batch=1 raw_id=732 api_success=True records=13 saved_to=2026-03-25
[BATCH] generic_metrics disabled -> raw-only path
[BATCH] sleeping 15 sec
[TARGET][SUCCESS] plant=NE=50281829 devType=63 up_to=2026-03-01 08:50:00
[RUN] Finished run_id=462 status=SUCCESS at 2026-03-25 00:57:16
[APP] Account=GPSC_PI_02 (id=2) will run 4 target(s)
[RUN] Started run_id=463 for job=dev_history_online at 2026-03-25 00:57:16
[TARGET] plant=NE=50979503 devType=1 account_id=2 batch_size=10
[WINDOW] plant=NE=50979503 devType=1 2026-03-01 07:50:00 -> 2026-03-01 08:50:00
[TARGET] plant=NE=50979503 devType=1 devices=18 batches=2
[BATCH] plant=NE=50979503 devType=1 batch=1/2 devices_in_batch=10 window_start=2026-03-01 07:50:00 window_end=2026-03-01 08:50:00
[BATCH][DONE] plant=NE=50979503 devType=1 batch=1 raw_id=733 api_success=True records=130 saved_to=2026-03-25
[BATCH] generic_metrics disabled -> raw-only path
[BATCH] sleeping 15 sec
[BATCH] plant=NE=50979503 devType=1 batch=2/2 devices_in_batch=8 window_start=2026-03-01 07:50:00 window_end=2026-03-01 08:50:00
[BATCH][DONE] plant=NE=50979503 devType=1 batch=2 raw_id=734 api_success=True records=104 saved_to=2026-03-25
[BATCH] generic_metrics disabled -> raw-only path
[BATCH] sleeping 15 sec
[TARGET][SUCCESS] plant=NE=50979503 devType=1 up_to=2026-03-01 08:50:00
[TARGET] plant=NE=50979503 devType=10 account_id=2 batch_size=20
[WINDOW] plant=NE=50979503 devType=10 2026-03-01 07:50:00 -> 2026-03-01 08:50:00
[TARGET] plant=NE=50979503 devType=10 devices=4 batches=1
[BATCH] plant=NE=50979503 devType=10 batch=1/1 devices_in_batch=4 window_start=2026-03-01 07:50:00 window_end=2026-03-01 08:50:00
[BATCH][DONE] plant=NE=50979503 devType=10 batch=1 raw_id=735 api_success=True records=39 saved_to=2026-03-25
[BATCH] generic_metrics disabled -> raw-only path
[BATCH] sleeping 15 sec
[TARGET][SUCCESS] plant=NE=50979503 devType=10 up_to=2026-03-01 08:50:00
[TARGET] plant=NE=50979503 devType=17 account_id=2 batch_size=5
[WINDOW] plant=NE=50979503 devType=17 2026-03-01 07:50:00 -> 2026-03-01 08:50:00
[TARGET] plant=NE=50979503 devType=17 devices=1 batches=1
[BATCH] plant=NE=50979503 devType=17 batch=1/1 devices_in_batch=1 window_start=2026-03-01 07:50:00 window_end=2026-03-01 08:50:00
[BATCH][DONE] plant=NE=50979503 devType=17 batch=1 raw_id=736 api_success=True records=13 saved_to=2026-03-25
[BATCH] generic_metrics disabled -> raw-only path
[BATCH] sleeping 15 sec
[TARGET][SUCCESS] plant=NE=50979503 devType=17 up_to=2026-03-01 08:50:00
[TARGET] plant=NE=50979503 devType=63 account_id=2 batch_size=5
[WINDOW] plant=NE=50979503 devType=63 2026-03-01 07:50:00 -> 2026-03-01 08:50:00
[TARGET] plant=NE=50979503 devType=63 devices=1 batches=1
[BATCH] plant=NE=50979503 devType=63 batch=1/1 devices_in_batch=1 window_start=2026-03-01 07:50:00 window_end=2026-03-01 08:50:00
[BATCH][DONE] plant=NE=50979503 devType=63 batch=1 raw_id=737 api_success=True records=13 saved_to=2026-03-25
[BATCH] generic_metrics disabled -> raw-only path
[BATCH] sleeping 15 sec
[TARGET][SUCCESS] plant=NE=50979503 devType=63 up_to=2026-03-01 08:50:00
[RUN] Finished run_id=463 status=SUCCESS at 2026-03-25 00:58:37
[APP] Starting job from DB: dev_history_online
[APP] Loaded 8 enabled targets for job=dev_history_online
[APP] Grouped into 2 account bucket(s)
[APP] Account=GPSC_PI_01 (id=1) cooldown expired -> cleared
[APP] Account=GPSC_PI_01 (id=1) will run 4 target(s)
[RUN] Started run_id=476 for job=dev_history_online at 2026-03-25 01:48:27
[TARGET] plant=NE=50281829 devType=1 account_id=1 batch_size=10
[WINDOW] plant=NE=50281829 devType=1 2026-03-01 10:20:00 -> 2026-03-01 11:20:00
[TARGET] plant=NE=50281829 devType=1 devices=7 batches=1
[BATCH] plant=NE=50281829 devType=1 batch=1/1 devices_in_batch=7 window_start=2026-03-01 10:20:00 window_end=2026-03-01 11:20:00
[BATCH][DONE] plant=NE=50281829 devType=1 batch=1 raw_id=783 api_success=True records=39 saved_to=2026-03-25
[BATCH] generic_metrics disabled -> raw-only path
[BATCH] sleeping 15 sec
[TARGET][SUCCESS] plant=NE=50281829 devType=1 up_to=2026-03-01 11:20:00
[TARGET] plant=NE=50281829 devType=10 account_id=1 batch_size=20
[WINDOW] plant=NE=50281829 devType=10 2026-03-01 09:30:00 -> 2026-03-01 10:30:00
[TARGET] plant=NE=50281829 devType=10 devices=2 batches=1
[BATCH] plant=NE=50281829 devType=10 batch=1/1 devices_in_batch=2 window_start=2026-03-01 09:30:00 window_end=2026-03-01 10:30:00
[BATCH][DONE] plant=NE=50281829 devType=10 batch=1 raw_id=784 api_success=True records=13 saved_to=2026-03-25
[BATCH] generic_metrics disabled -> raw-only path
[BATCH] sleeping 15 sec
[TARGET][SUCCESS] plant=NE=50281829 devType=10 up_to=2026-03-01 10:30:00
[TARGET] plant=NE=50281829 devType=17 account_id=1 batch_size=5
[WINDOW] plant=NE=50281829 devType=17 2026-03-01 08:40:00 -> 2026-03-01 09:40:00
[TARGET] plant=NE=50281829 devType=17 devices=1 batches=1
[BATCH] plant=NE=50281829 devType=17 batch=1/1 devices_in_batch=1 window_start=2026-03-01 08:40:00 window_end=2026-03-01 09:40:00
[BATCH][DONE] plant=NE=50281829 devType=17 batch=1 raw_id=785 api_success=True records=13 saved_to=2026-03-25
[BATCH] generic_metrics disabled -> raw-only path
[BATCH] sleeping 15 sec
[TARGET][SUCCESS] plant=NE=50281829 devType=17 up_to=2026-03-01 09:40:00
[TARGET] plant=NE=50281829 devType=63 account_id=1 batch_size=5
[WINDOW] plant=NE=50281829 devType=63 2026-03-01 08:40:00 -> 2026-03-01 09:40:00
[TARGET] plant=NE=50281829 devType=63 devices=1 batches=1
[BATCH] plant=NE=50281829 devType=63 batch=1/1 devices_in_batch=1 window_start=2026-03-01 08:40:00 window_end=2026-03-01 09:40:00
[BATCH][DONE] plant=NE=50281829 devType=63 batch=1 raw_id=786 api_success=True records=13 saved_to=2026-03-25
[BATCH] generic_metrics disabled -> raw-only path
[BATCH] sleeping 15 sec
[TARGET][SUCCESS] plant=NE=50281829 devType=63 up_to=2026-03-01 09:40:00
[RUN] Finished run_id=476 status=SUCCESS at 2026-03-25 01:49:29
[APP] Account=GPSC_PI_02 (id=2) cooldown expired -> cleared
[APP] Account=GPSC_PI_02 (id=2) will run 4 target(s)
[RUN] Started run_id=477 for job=dev_history_online at 2026-03-25 01:49:29
[TARGET] plant=NE=50979503 devType=1 account_id=2 batch_size=10
[WINDOW] plant=NE=50979503 devType=1 2026-03-01 08:40:00 -> 2026-03-01 09:40:00
[TARGET] plant=NE=50979503 devType=1 devices=18 batches=2
[BATCH] plant=NE=50979503 devType=1 batch=1/2 devices_in_batch=10 window_start=2026-03-01 08:40:00 window_end=2026-03-01 09:40:00
[BATCH][DONE] plant=NE=50979503 devType=1 batch=1 raw_id=787 api_success=True records=130 saved_to=2026-03-25
[BATCH] generic_metrics disabled -> raw-only path
[BATCH] sleeping 15 sec
[BATCH] plant=NE=50979503 devType=1 batch=2/2 devices_in_batch=8 window_start=2026-03-01 08:40:00 window_end=2026-03-01 09:40:00
[BATCH][DONE] plant=NE=50979503 devType=1 batch=2 raw_id=788 api_success=True records=104 saved_to=2026-03-25
[BATCH] generic_metrics disabled -> raw-only path
[BATCH] sleeping 15 sec
[TARGET][SUCCESS] plant=NE=50979503 devType=1 up_to=2026-03-01 09:40:00
[TARGET] plant=NE=50979503 devType=10 account_id=2 batch_size=20
[WINDOW] plant=NE=50979503 devType=10 2026-03-01 08:40:00 -> 2026-03-01 09:40:00
[TARGET] plant=NE=50979503 devType=10 devices=4 batches=1
[BATCH] plant=NE=50979503 devType=10 batch=1/1 devices_in_batch=4 window_start=2026-03-01 08:40:00 window_end=2026-03-01 09:40:00
[BATCH][DONE] plant=NE=50979503 devType=10 batch=1 raw_id=789 api_success=True records=39 saved_to=2026-03-25
[BATCH] generic_metrics disabled -> raw-only path
[BATCH] sleeping 15 sec
[TARGET][SUCCESS] plant=NE=50979503 devType=10 up_to=2026-03-01 09:40:00
[TARGET] plant=NE=50979503 devType=17 account_id=2 batch_size=5
[WINDOW] plant=NE=50979503 devType=17 2026-03-01 08:40:00 -> 2026-03-01 09:40:00
[TARGET] plant=NE=50979503 devType=17 devices=1 batches=1
[BATCH] plant=NE=50979503 devType=17 batch=1/1 devices_in_batch=1 window_start=2026-03-01 08:40:00 window_end=2026-03-01 09:40:00
[BATCH][DONE] plant=NE=50979503 devType=17 batch=1 raw_id=790 api_success=True records=13 saved_to=2026-03-25
[BATCH] generic_metrics disabled -> raw-only path
[BATCH] sleeping 15 sec
[TARGET][SUCCESS] plant=NE=50979503 devType=17 up_to=2026-03-01 09:40:00
[TARGET] plant=NE=50979503 devType=63 account_id=2 batch_size=5
[WINDOW] plant=NE=50979503 devType=63 2026-03-01 08:40:00 -> 2026-03-01 09:40:00
[TARGET] plant=NE=50979503 devType=63 devices=1 batches=1
[BATCH] plant=NE=50979503 devType=63 batch=1/1 devices_in_batch=1 window_start=2026-03-01 08:40:00 window_end=2026-03-01 09:40:00
[BATCH][DONE] plant=NE=50979503 devType=63 batch=1 raw_id=791 api_success=True records=13 saved_to=2026-03-25
[BATCH] generic_metrics disabled -> raw-only path
[BATCH] sleeping 15 sec
[TARGET][SUCCESS] plant=NE=50979503 devType=63 up_to=2026-03-01 09:40:00
[RUN] Finished run_id=477 status=SUCCESS at 2026-03-25 01:50:48
