[NORMALIZE] DONE total_metrics=0
=== INGESTION ===
[APP] Starting job from DB: plant_realtime_online
[APP] Loaded 1 enabled targets for job=plant_realtime_online
[APP] Grouped into 1 account bucket(s)
[APP] Account=GPSC_EJS (id=4) is in cooldown until 2026-05-08 17:17:35 -> skip this round
=== NORMALIZE ===
=== MART ===
=== DONE ===
[RUN] job=plant_realtime_online mode=DAY module=scripts.run_pipeline_plant_realtime
[EXEC] C:\SOLAR\solar_ingestion\.venv\Scripts\python.exe -m scripts.run_pipeline_plant_realtime
[CWD]  C:\SOLAR\solar_ingestion
[NORMALIZE] raw_id=30893 inserted=120
[NORMALIZE] DONE total_metrics=120
=== INGESTION ===
[APP] Starting job from DB: plant_realtime_online
[APP] Loaded 1 enabled targets for job=plant_realtime_online
[APP] Grouped into 1 account bucket(s)
[APP] Account=GPSC_EJS (id=4) cooldown expired -> cleared
[APP] Account=GPSC_EJS (id=4) will run 1 target(s)
[DEBUG] target_id=244 plant=__ACCOUNT__ dev_type=-1 endpoint=getStationRealKpi service_class=online_full
[DEBUG] enter plant realtime path
=== NORMALIZE ===
=== MART ===
=== DONE ===
[RUN] job=plant_realtime_online mode=DAY module=scripts.run_pipeline_plant_realtime
[EXEC] C:\SOLAR\solar_ingestion\.venv\Scripts\python.exe -m scripts.run_pipeline_plant_realtime
[CWD]  C:\SOLAR\solar_ingestion
[NORMALIZE] raw_id=30896 inserted=120
[NORMALIZE] DONE total_metrics=120
=== INGESTION ===
[APP] Starting job from DB: plant_realtime_online
[APP] Loaded 1 enabled targets for job=plant_realtime_online
[APP] Grouped into 1 account bucket(s)
[APP] Account=GPSC_EJS (id=4) will run 1 target(s)
[DEBUG] target_id=244 plant=__ACCOUNT__ dev_type=-1 endpoint=getStationRealKpi service_class=online_full
[DEBUG] enter plant realtime path
=== NORMALIZE ===
=== MART ===
=== DONE ===
[RUN] job=plant_realtime_online mode=DAY module=scripts.run_pipeline_plant_realtime
[EXEC] C:\SOLAR\solar_ingestion\.venv\Scripts\python.exe -m scripts.run_pipeline_plant_realtime
[CWD]  C:\SOLAR\solar_ingestion
[NORMALIZE] raw_id=30897 inserted=120
[NORMALIZE] DONE total_metrics=120
=== INGESTION ===
[APP] Starting job from DB: plant_realtime_online
[APP] Loaded 1 enabled targets for job=plant_realtime_online
[APP] Grouped into 1 account bucket(s)
[APP] Account=GPSC_EJS (id=4) will run 1 target(s)
[DEBUG] target_id=244 plant=__ACCOUNT__ dev_type=-1 endpoint=getStationRealKpi service_class=online_full
[DEBUG] enter plant realtime path
=== NORMALIZE ===
=== MART ===
=== DONE ===
[RUN] job=plant_realtime_online mode=DAY module=scripts.run_pipeline_plant_realtime
[EXEC] C:\SOLAR\solar_ingestion\.venv\Scripts\python.exe -m scripts.run_pipeline_plant_realtime
[CWD]  C:\SOLAR\solar_ingestion
[NORMALIZE] raw_id=30898 inserted=120
[NORMALIZE] DONE total_metrics=120
=== INGESTION ===
[APP] Starting job from DB: plant_realtime_online
[APP] Loaded 1 enabled targets for job=plant_realtime_online
[APP] Grouped into 1 account bucket(s)
[APP] Account=GPSC_EJS (id=4) will run 1 target(s)
[DEBUG] target_id=244 plant=__ACCOUNT__ dev_type=-1 endpoint=getStationRealKpi service_class=online_full
[DEBUG] enter plant realtime path
=== NORMALIZE ===
=== MART ===
=== DONE ===
[RUN] job=plant_realtime_online mode=DAY module=scripts.run_pipeline_plant_realtime
[EXEC] C:\SOLAR\solar_ingestion\.venv\Scripts\python.exe -m scripts.run_pipeline_plant_realtime
[CWD]  C:\SOLAR\solar_ingestion
[NORMALIZE] raw_id=30901 inserted=120
[NORMALIZE] DONE total_metrics=120
=== INGESTION ===
[APP] Starting job from DB: plant_realtime_online
[APP] Loaded 1 enabled targets for job=plant_realtime_online
[APP] Grouped into 1 account bucket(s)
[APP] Account=GPSC_EJS (id=4) will run 1 target(s)
[DEBUG] target_id=244 plant=__ACCOUNT__ dev_type=-1 endpoint=getStationRealKpi service_class=online_full
[DEBUG] enter plant realtime path
=== NORMALIZE ===
=== MART ===
=== DONE ===
[RUN] job=plant_realtime_online mode=DAY module=scripts.run_pipeline_plant_realtime
[EXEC] C:\SOLAR\solar_ingestion\.venv\Scripts\python.exe -m scripts.run_pipeline_plant_realtime
[CWD]  C:\SOLAR\solar_ingestion
[NORMALIZE] raw_id=30902 inserted=120
[NORMALIZE] DONE total_metrics=120
=== INGESTION ===
[APP] Starting job from DB: plant_realtime_online
[APP] Loaded 1 enabled targets for job=plant_realtime_online
[APP] Grouped into 1 account bucket(s)
[APP] Account=GPSC_EJS (id=4) will run 1 target(s)
[DEBUG] target_id=244 plant=__ACCOUNT__ dev_type=-1 endpoint=getStationRealKpi service_class=online_full
[DEBUG] enter plant realtime path
=== NORMALIZE ===
=== MART ===
=== DONE ===
[RUN] job=plant_realtime_online mode=DAY module=scripts.run_pipeline_plant_realtime
[EXEC] C:\SOLAR\solar_ingestion\.venv\Scripts\python.exe -m scripts.run_pipeline_plant_realtime
[CWD]  C:\SOLAR\solar_ingestion
[NORMALIZE] raw_id=30903 inserted=120
[NORMALIZE] DONE total_metrics=120
=== INGESTION ===
[APP] Starting job from DB: plant_realtime_online
[APP] Loaded 1 enabled targets for job=plant_realtime_online
[APP] Grouped into 1 account bucket(s)
[APP] Account=GPSC_EJS (id=4) will run 1 target(s)
[DEBUG] target_id=244 plant=__ACCOUNT__ dev_type=-1 endpoint=getStationRealKpi service_class=online_full
[DEBUG] enter plant realtime path
=== NORMALIZE ===
=== MART ===
=== DONE ===
[RUN] job=plant_realtime_online mode=DAY module=scripts.run_pipeline_plant_realtime
[EXEC] C:\SOLAR\solar_ingestion\.venv\Scripts\python.exe -m scripts.run_pipeline_plant_realtime
[CWD]  C:\SOLAR\solar_ingestion
[NORMALIZE] raw_id=30906 inserted=120
[NORMALIZE] DONE total_metrics=120
=== INGESTION ===
[APP] Starting job from DB: plant_realtime_online
[APP] Loaded 1 enabled targets for job=plant_realtime_online
[APP] Grouped into 1 account bucket(s)
[APP] Account=GPSC_EJS (id=4) will run 1 target(s)
[DEBUG] target_id=244 plant=__ACCOUNT__ dev_type=-1 endpoint=getStationRealKpi service_class=online_full
[DEBUG] enter plant realtime path
=== NORMALIZE ===
=== MART ===
=== DONE ===
[RUN] job=plant_realtime_online mode=DAY module=scripts.run_pipeline_plant_realtime
[EXEC] C:\SOLAR\solar_ingestion\.venv\Scripts\python.exe -m scripts.run_pipeline_plant_realtime
[CWD]  C:\SOLAR\solar_ingestion
[NORMALIZE] raw_id=30907 inserted=120
[NORMALIZE] DONE total_metrics=120
=== INGESTION ===
[APP] Starting job from DB: plant_realtime_online
[APP] Loaded 1 enabled targets for job=plant_realtime_online
[APP] Grouped into 1 account bucket(s)
[APP] Account=GPSC_EJS (id=4) will run 1 target(s)
[DEBUG] target_id=244 plant=__ACCOUNT__ dev_type=-1 endpoint=getStationRealKpi service_class=online_full
[DEBUG] enter plant realtime path
=== NORMALIZE ===
=== MART ===
=== DONE ===
[RUN] job=plant_realtime_online mode=DAY module=scripts.run_pipeline_plant_realtime
[EXEC] C:\SOLAR\solar_ingestion\.venv\Scripts\python.exe -m scripts.run_pipeline_plant_realtime
[CWD]  C:\SOLAR\solar_ingestion
[NORMALIZE] raw_id=30908 inserted=120
[NORMALIZE] DONE total_metrics=120
=== INGESTION ===
[APP] Starting job from DB: plant_realtime_online
[APP] Loaded 1 enabled targets for job=plant_realtime_online
[APP] Grouped into 1 account bucket(s)
[APP] Account=GPSC_EJS (id=4) will run 1 target(s)
[DEBUG] target_id=244 plant=__ACCOUNT__ dev_type=-1 endpoint=getStationRealKpi service_class=online_full
[DEBUG] enter plant realtime path
=== NORMALIZE ===
=== MART ===
=== DONE ===
[RUN] job=plant_realtime_online mode=DAY module=scripts.run_pipeline_plant_realtime
[EXEC] C:\SOLAR\solar_ingestion\.venv\Scripts\python.exe -m scripts.run_pipeline_plant_realtime
[CWD]  C:\SOLAR\solar_ingestion
[NORMALIZE] raw_id=30911 inserted=120
[NORMALIZE] DONE total_metrics=120
=== INGESTION ===
[APP] Starting job from DB: plant_realtime_online
[APP] Loaded 1 enabled targets for job=plant_realtime_online
[APP] Grouped into 1 account bucket(s)
[APP] Account=GPSC_EJS (id=4) will run 1 target(s)
[DEBUG] target_id=244 plant=__ACCOUNT__ dev_type=-1 endpoint=getStationRealKpi service_class=online_full
[DEBUG] enter plant realtime path
=== NORMALIZE ===
=== MART ===
=== DONE ===
[RUN] job=plant_realtime_online mode=DAY module=scripts.run_pipeline_plant_realtime
[EXEC] C:\SOLAR\solar_ingestion\.venv\Scripts\python.exe -m scripts.run_pipeline_plant_realtime
[CWD]  C:\SOLAR\solar_ingestion
[NORMALIZE] raw_id=30912 inserted=120
[NORMALIZE] DONE total_metrics=120
=== INGESTION ===
[APP] Starting job from DB: plant_realtime_online
[APP] Loaded 1 enabled targets for job=plant_realtime_online
[APP] Grouped into 1 account bucket(s)
[APP] Account=GPSC_EJS (id=4) will run 1 target(s)
[DEBUG] target_id=244 plant=__ACCOUNT__ dev_type=-1 endpoint=getStationRealKpi service_class=online_full
[DEBUG] enter plant realtime path
=== NORMALIZE ===
=== MART ===
=== DONE ===
[RUN] job=plant_realtime_online mode=DAY module=scripts.run_pipeline_plant_realtime
[EXEC] C:\SOLAR\solar_ingestion\.venv\Scripts\python.exe -m scripts.run_pipeline_plant_realtime
[CWD]  C:\SOLAR\solar_ingestion
[NORMALIZE] raw_id=30913 inserted=120
[NORMALIZE] DONE total_metrics=120
=== INGESTION ===
[APP] Starting job from DB: plant_realtime_online
[APP] Loaded 1 enabled targets for job=plant_realtime_online
[APP] Grouped into 1 account bucket(s)
[APP] Account=GPSC_EJS (id=4) will run 1 target(s)
[DEBUG] target_id=244 plant=__ACCOUNT__ dev_type=-1 endpoint=getStationRealKpi service_class=online_full
[DEBUG] enter plant realtime path
=== NORMALIZE ===
=== MART ===
=== DONE ===
[RUN] job=plant_realtime_online mode=DAY module=scripts.run_pipeline_plant_realtime
[EXEC] C:\SOLAR\solar_ingestion\.venv\Scripts\python.exe -m scripts.run_pipeline_plant_realtime
[CWD]  C:\SOLAR\solar_ingestion
[NORMALIZE] raw_id=30916 inserted=120
[NORMALIZE] DONE total_metrics=120
=== INGESTION ===
[APP] Starting job from DB: plant_realtime_online
[APP] Loaded 1 enabled targets for job=plant_realtime_online
[APP] Grouped into 1 account bucket(s)
[APP] Account=GPSC_EJS (id=4) will run 1 target(s)
[DEBUG] target_id=244 plant=__ACCOUNT__ dev_type=-1 endpoint=getStationRealKpi service_class=online_full
[DEBUG] enter plant realtime path
=== NORMALIZE ===
=== MART ===
=== DONE ===
[RUN] job=plant_realtime_online mode=DAY module=scripts.run_pipeline_plant_realtime
[EXEC] C:\SOLAR\solar_ingestion\.venv\Scripts\python.exe -m scripts.run_pipeline_plant_realtime
[CWD]  C:\SOLAR\solar_ingestion
[NORMALIZE] raw_id=30917 inserted=120
[NORMALIZE] DONE total_metrics=120
=== INGESTION ===
[APP] Starting job from DB: plant_realtime_online
[APP] Loaded 1 enabled targets for job=plant_realtime_online
[APP] Grouped into 1 account bucket(s)
[APP] Account=GPSC_EJS (id=4) will run 1 target(s)
[DEBUG] target_id=244 plant=__ACCOUNT__ dev_type=-1 endpoint=getStationRealKpi service_class=online_full
[DEBUG] enter plant realtime path
=== NORMALIZE ===
=== MART ===
=== DONE ===
[RUN] job=plant_realtime_online mode=TRANSITION_PM module=scripts.run_pipeline_plant_realtime
[EXEC] C:\SOLAR\solar_ingestion\.venv\Scripts\python.exe -m scripts.run_pipeline_plant_realtime
[CWD]  C:\SOLAR\solar_ingestion
[NORMALIZE] raw_id=30919 inserted=120
[NORMALIZE] DONE total_metrics=120
=== INGESTION ===
[APP] Starting job from DB: plant_realtime_online
[APP] Loaded 1 enabled targets for job=plant_realtime_online
[APP] Grouped into 1 account bucket(s)
[APP] Account=GPSC_EJS (id=4) will run 1 target(s)
[DEBUG] target_id=244 plant=__ACCOUNT__ dev_type=-1 endpoint=getStationRealKpi service_class=online_full
[DEBUG] enter plant realtime path
=== NORMALIZE ===
=== MART ===
=== DONE ===
[RUN] job=plant_realtime_online mode=TRANSITION_PM module=scripts.run_pipeline_plant_realtime
[EXEC] C:\SOLAR\solar_ingestion\.venv\Scripts\python.exe -m scripts.run_pipeline_plant_realtime
[CWD]  C:\SOLAR\solar_ingestion
[NORMALIZE] raw_id=30922 inserted=120
[NORMALIZE] DONE total_metrics=120
=== INGESTION ===
[APP] Starting job from DB: plant_realtime_online
[APP] Loaded 1 enabled targets for job=plant_realtime_online
[APP] Grouped into 1 account bucket(s)
[APP] Account=GPSC_EJS (id=4) will run 1 target(s)
[DEBUG] target_id=244 plant=__ACCOUNT__ dev_type=-1 endpoint=getStationRealKpi service_class=online_full
[DEBUG] enter plant realtime path
=== NORMALIZE ===
=== MART ===
=== DONE ===
[RUN] job=plant_realtime_online mode=TRANSITION_PM module=scripts.run_pipeline_plant_realtime
[EXEC] C:\SOLAR\solar_ingestion\.venv\Scripts\python.exe -m scripts.run_pipeline_plant_realtime
[CWD]  C:\SOLAR\solar_ingestion
[NORMALIZE] raw_id=30923 inserted=120
[NORMALIZE] DONE total_metrics=120
=== INGESTION ===
[APP] Starting job from DB: plant_realtime_online
[APP] Loaded 1 enabled targets for job=plant_realtime_online
[APP] Grouped into 1 account bucket(s)
[APP] Account=GPSC_EJS (id=4) will run 1 target(s)
[DEBUG] target_id=244 plant=__ACCOUNT__ dev_type=-1 endpoint=getStationRealKpi service_class=online_full
[DEBUG] enter plant realtime path
=== NORMALIZE ===
=== MART ===
=== DONE ===
[RUN] job=plant_realtime_online mode=TRANSITION_PM module=scripts.run_pipeline_plant_realtime
[EXEC] C:\SOLAR\solar_ingestion\.venv\Scripts\python.exe -m scripts.run_pipeline_plant_realtime
[CWD]  C:\SOLAR\solar_ingestion
[NORMALIZE] raw_id=30924 inserted=120
[NORMALIZE] DONE total_metrics=120
=== INGESTION ===
[APP] Starting job from DB: plant_realtime_online
[APP] Loaded 1 enabled targets for job=plant_realtime_online
[APP] Grouped into 1 account bucket(s)
[APP] Account=GPSC_EJS (id=4) will run 1 target(s)
[DEBUG] target_id=244 plant=__ACCOUNT__ dev_type=-1 endpoint=getStationRealKpi service_class=online_full
[DEBUG] enter plant realtime path
=== NORMALIZE ===
=== MART ===
=== DONE ===
[RUN] job=plant_realtime_online mode=TRANSITION_PM module=scripts.run_pipeline_plant_realtime
[EXEC] C:\SOLAR\solar_ingestion\.venv\Scripts\python.exe -m scripts.run_pipeline_plant_realtime
[CWD]  C:\SOLAR\solar_ingestion
[NORMALIZE] raw_id=30925 inserted=120
[NORMALIZE] DONE total_metrics=120
=== INGESTION ===
[APP] Starting job from DB: plant_realtime_online
[APP] Loaded 1 enabled targets for job=plant_realtime_online
[APP] Grouped into 1 account bucket(s)
[APP] Account=GPSC_EJS (id=4) will run 1 target(s)
[DEBUG] target_id=244 plant=__ACCOUNT__ dev_type=-1 endpoint=getStationRealKpi service_class=online_full
[DEBUG] enter plant realtime path
=== NORMALIZE ===
=== MART ===
=== DONE ===
[RUN] job=plant_realtime_online mode=TRANSITION_PM module=scripts.run_pipeline_plant_realtime
[EXEC] C:\SOLAR\solar_ingestion\.venv\Scripts\python.exe -m scripts.run_pipeline_plant_realtime
[CWD]  C:\SOLAR\solar_ingestion
[SKIP] job=plant_realtime_online mode=NIGHT reason=policy_not_allowed
[SKIP] job=plant_realtime_online mode=NIGHT reason=policy_not_allowed
[SKIP] job=plant_realtime_online mode=NIGHT reason=policy_not_allowed
[SKIP] job=plant_realtime_online mode=NIGHT reason=policy_not_allowed
[SKIP] job=plant_realtime_online mode=NIGHT reason=policy_not_allowed
[SKIP] job=plant_realtime_online mode=NIGHT reason=policy_not_allowed
[SKIP] job=plant_realtime_online mode=NIGHT reason=policy_not_allowed
[SKIP] job=plant_realtime_online mode=NIGHT reason=policy_not_allowed
[SKIP] job=plant_realtime_online mode=NIGHT reason=policy_not_allowed
[SKIP] job=plant_realtime_online mode=NIGHT reason=policy_not_allowed
[SKIP] job=plant_realtime_online mode=NIGHT reason=policy_not_allowed
[SKIP] job=plant_realtime_online mode=NIGHT reason=policy_not_allowed
[SKIP] job=plant_realtime_online mode=NIGHT reason=policy_not_allowed
[SKIP] job=plant_realtime_online mode=NIGHT reason=policy_not_allowed
[SKIP] job=plant_realtime_online mode=NIGHT reason=policy_not_allowed
[SKIP] job=plant_realtime_online mode=NIGHT reason=policy_not_allowed
[SKIP] job=plant_realtime_online mode=NIGHT reason=policy_not_allowed
[SKIP] job=plant_realtime_online mode=NIGHT reason=policy_not_allowed
[SKIP] job=plant_realtime_online mode=NIGHT reason=policy_not_allowed
[SKIP] job=plant_realtime_online mode=NIGHT reason=policy_not_allowed
[SKIP] job=plant_realtime_online mode=NIGHT reason=policy_not_allowed
[SKIP] job=plant_realtime_online mode=NIGHT reason=policy_not_allowed
[SKIP] job=plant_realtime_online mode=NIGHT reason=policy_not_allowed
[SKIP] job=plant_realtime_online mode=NIGHT reason=policy_not_allowed
[SKIP] job=plant_realtime_online mode=NIGHT reason=policy_not_allowed
[SKIP] job=plant_realtime_online mode=NIGHT reason=policy_not_allowed
[SKIP] job=plant_realtime_online mode=NIGHT reason=policy_not_allowed
[SKIP] job=plant_realtime_online mode=NIGHT reason=policy_not_allowed
[SKIP] job=plant_realtime_online mode=NIGHT reason=policy_not_allowed
[SKIP] job=plant_realtime_online mode=NIGHT reason=policy_not_allowed
[SKIP] job=plant_realtime_online mode=NIGHT reason=policy_not_allowed
[SKIP] job=plant_realtime_online mode=NIGHT reason=policy_not_allowed
[SKIP] job=plant_realtime_online mode=NIGHT reason=policy_not_allowed
[SKIP] job=plant_realtime_online mode=NIGHT reason=policy_not_allowed
[SKIP] job=plant_realtime_online mode=NIGHT reason=policy_not_allowed
[SKIP] job=plant_realtime_online mode=NIGHT reason=policy_not_allowed
[SKIP] job=plant_realtime_online mode=NIGHT reason=policy_not_allowed
[SKIP] job=plant_realtime_online mode=NIGHT reason=policy_not_allowed
